build/app/outputs/mapping/release/mapping.txt
# compiler: R8
# compiler_version: 1.5.64
# min_api: 19
# pg_map_id: a0fef4c
...
com.google.protobuf.Utf8$SafeProcessor -> b.a.a.u1$c:
    java.lang.String decodeUtf8(byte[],int,int) -> a
    int encodeUtf8(java.lang.CharSequence,byte[],int,int) -> a
    int partialIsValidUtf8(int,byte[],int,int) -> a
    int partialIsValidUtf8(byte[],int,int) -> c
    int partialIsValidUtf8NonAscii(byte[],int,int) -> d
com.google.protobuf.Utf8$UnpairedSurrogateException -> b.a.a.u1$d:
com.google.protobuf.Utf8$UnsafeProcessor -> b.a.a.u1$e:
    java.lang.String decodeUtf8(byte[],int,int) -> a
    int encodeUtf8(java.lang.CharSequence,byte[],int,int) -> a
    boolean isAvailable() -> a
    int partialIsValidUtf8(int,byte[],int,int) -> a
    int partialIsValidUtf8(byte[],long,int) -> a
    int unsafeIncompleteStateFor(byte[],int,long,int) -> a
    int unsafeEstimateConsecutiveAscii(byte[],long,int) -> b
com.google.protobuf.WireFormat -> b.a.a.v1:
    int MESSAGE_SET_MESSAGE_TAG -> d
    int MESSAGE_SET_ITEM_END_TAG -> b
    int MESSAGE_SET_TYPE_ID_TAG -> c
    int MESSAGE_SET_ITEM_TAG -> a
    int getTagFieldNumber(int) -> a
    int makeTag(int,int) -> a
    int getTagWireType(int) -> b
com.google.protobuf.WireFormat$1 -> b.a.a.v1$a:
    int[] $SwitchMap$com$google$protobuf$WireFormat$FieldType -> a
com.google.protobuf.WireFormat$FieldType -> b.a.a.v1$b:
    com.google.protobuf.WireFormat$FieldType BOOL -> j
    com.google.protobuf.WireFormat$FieldType STRING -> k
    com.google.protobuf.WireFormat$FieldType FIXED64 -> h
    com.google.protobuf.WireFormat$FieldType FIXED32 -> i
    com.google.protobuf.WireFormat$JavaType javaType -> a
    com.google.protobuf.WireFormat$FieldType BYTES -> n
    com.google.protobuf.WireFormat$FieldType[] $VALUES -> u
    com.google.protobuf.WireFormat$FieldType UINT32 -> o
    com.google.protobuf.WireFormat$FieldType GROUP -> l
    com.google.protobuf.WireFormat$FieldType MESSAGE -> m
    com.google.protobuf.WireFormat$FieldType SFIXED64 -> r
    com.google.protobuf.WireFormat$FieldType SINT32 -> s
    com.google.protobuf.WireFormat$FieldType ENUM -> p
    com.google.protobuf.WireFormat$FieldType SFIXED32 -> q
    int wireType -> b
    com.google.protobuf.WireFormat$FieldType SINT64 -> t
    com.google.protobuf.WireFormat$FieldType DOUBLE -> c
    com.google.protobuf.WireFormat$FieldType UINT64 -> f
    com.google.protobuf.WireFormat$FieldType INT32 -> g
    com.google.protobuf.WireFormat$FieldType FLOAT -> d
    com.google.protobuf.WireFormat$FieldType INT64 -> e
    com.google.protobuf.WireFormat$JavaType getJavaType() -> a
    int getWireType() -> b
com.google.protobuf.WireFormat$FieldType$1 -> b.a.a.v1$b$a:
com.google.protobuf.WireFormat$FieldType$2 -> b.a.a.v1$b$b:
com.google.protobuf.WireFormat$FieldType$3 -> b.a.a.v1$b$c:
com.google.protobuf.WireFormat$FieldType$4 -> b.a.a.v1$b$d:
com.google.protobuf.WireFormat$JavaType -> b.a.a.v1$c:
    com.google.protobuf.WireFormat$JavaType INT -> a
    com.google.protobuf.WireFormat$JavaType STRING -> f
    com.google.protobuf.WireFormat$JavaType BYTE_STRING -> g
    com.google.protobuf.WireFormat$JavaType[] $VALUES -> j
    com.google.protobuf.WireFormat$JavaType ENUM -> h
    com.google.protobuf.WireFormat$JavaType MESSAGE -> i
    com.google.protobuf.WireFormat$JavaType LONG -> b
    com.google.protobuf.WireFormat$JavaType FLOAT -> c
    com.google.protobuf.WireFormat$JavaType DOUBLE -> d
    com.google.protobuf.WireFormat$JavaType BOOLEAN -> e